<?xml version="1.0" encoding="UTF-8"?>
<!-- Generated by org.testng.reporters.JUnitReportReporter -->
<testsuite skipped="0" hostname="LAPTOP-V4JL6RP5" name="testNG.patel" tests="3" failures="0" timestamp="03 Oct 2018 17:11:35 GMT" time="26.167" errors="0">
  <testcase name="Browser" time="17.855" classname="testNG.patel"/>
  <testcase name="search" time="6.198" classname="testNG.patel"/>
  <testcase name="closeBrowser" time="2.114" classname="testNG.patel"/>
</testsuite> <!-- testNG.patel -->
